# JRE version: OpenJDK Runtime Environment (20.0.1+9) (build 20.0.1+9-29)
# Java VM: OpenJDK 64-Bit Server VM (20.0.1+9-29, mixed mode, sharing, tiered, compressed oops, compressed class ptrs, parallel gc, windows-amd64)
GC Precious Log:
 CardTable entry size: 512
 CPUs: 12 total, 12 available
 Memory: 8032M
 Large Page Support: Disabled
 NUMA Support: Disabled
 Compressed Oops: Enabled (32-bit)
 Alignments: Space 512K, Generation 512K, Heap 2M
 Heap Min Capacity: 100M
 Heap Initial Capacity: 100M
 Heap Max Capacity: 1G
 Pre-touch: Disabled
 Parallel Workers: 10
Heap:
 PSYoungGen      total 19456K, used 15430K [0x00000000eab00000, 0x00000000ec180000, 0x0000000100000000)
  eden space 16896K, 77% used [0x00000000eab00000,0x00000000eb7d4178,0x00000000ebb80000)
  from space 2560K, 89% used [0x00000000ebc00000,0x00000000ebe3d7a0,0x00000000ebe80000)
  to   space 3072K, 0% used [0x00000000ebe80000,0x00000000ebe80000,0x00000000ec180000)
 ParOldGen       total 91136K, used 66875K [0x00000000c0000000, 0x00000000c5900000, 0x00000000eab00000)
  object space 91136K, 73% used [0x00000000c0000000,0x00000000c414ed48,0x00000000c5900000)
 Metaspace       used 73672K, committed 75072K, reserved 1179648K
  class space    used 8321K, committed 8896K, reserved 1048576K
GC Heap History (20 events):
Event: 22.669 GC heap before
{Heap before GC invocations=45 (full 3):
 PSYoungGen      total 22016K, used 21593K [0x00000000eab00000, 0x00000000ec600000, 0x0000000100000000)
  eden space 17408K, 99% used [0x00000000eab00000,0x00000000ebbfffe0,0x00000000ebc00000)
  from space 4608K, 90% used [0x00000000ebc00000,0x00000000ec0167f0,0x00000000ec080000)
  to   space 5120K, 0% used [0x00000000ec100000,0x00000000ec100000,0x00000000ec600000)
 ParOldGen       total 68608K, used 60838K [0x00000000c0000000, 0x00000000c4300000, 0x00000000eab00000)
  object space 68608K, 88% used [0x00000000c0000000,0x00000000c3b69848,0x00000000c4300000)
 Metaspace       used 66204K, committed 67584K, reserved 1114112K
  class space    used 7471K, committed 8064K, reserved 1048576K
}
Event: 22.676 GC heap after
{Heap after GC invocations=45 (full 3):
 PSYoungGen      total 20992K, used 3104K [0x00000000eab00000, 0x00000000ec480000, 0x0000000100000000)
  eden space 17408K, 0% used [0x00000000eab00000,0x00000000eab00000,0x00000000ebc00000)
  from space 3584K, 86% used [0x00000000ec100000,0x00000000ec408010,0x00000000ec480000)
  to   space 4096K, 0% used [0x00000000ebc80000,0x00000000ebc80000,0x00000000ec080000)
 ParOldGen       total 68608K, used 61754K [0x00000000c0000000, 0x00000000c4300000, 0x00000000eab00000)
  object space 68608K, 90% used [0x00000000c0000000,0x00000000c3c4eaa0,0x00000000c4300000)
 Metaspace       used 66204K, committed 67584K, reserved 1114112K
  class space    used 7471K, committed 8064K, reserved 1048576K
}
Event: 23.823 GC heap before
{Heap before GC invocations=46 (full 3):
 PSYoungGen      total 20992K, used 20508K [0x00000000eab00000, 0x00000000ec480000, 0x0000000100000000)
  eden space 17408K, 99% used [0x00000000eab00000,0x00000000ebbff2f8,0x00000000ebc00000)
  from space 3584K, 86% used [0x00000000ec100000,0x00000000ec408010,0x00000000ec480000)
  to   space 4096K, 0% used [0x00000000ebc80000,0x00000000ebc80000,0x00000000ec080000)
 ParOldGen       total 68608K, used 61754K [0x00000000c0000000, 0x00000000c4300000, 0x00000000eab00000)
  object space 68608K, 90% used [0x00000000c0000000,0x00000000c3c4eaa0,0x00000000c4300000)
 Metaspace       used 68606K, committed 70016K, reserved 1114112K
  class space    used 7813K, committed 8384K, reserved 1048576K
}
Event: 23.830 GC heap after
{Heap after GC invocations=46 (full 3):
 PSYoungGen      total 18432K, used 545K [0x00000000eab00000, 0x00000000ec180000, 0x0000000100000000)
  eden space 17408K, 0% used [0x00000000eab00000,0x00000000eab00000,0x00000000ebc00000)
  from space 1024K, 53% used [0x00000000ebc80000,0x00000000ebd08490,0x00000000ebd80000)
  to   space 2048K, 0% used [0x00000000ebf80000,0x00000000ebf80000,0x00000000ec180000)
 ParOldGen       total 68608K, used 64696K [0x00000000c0000000, 0x00000000c4300000, 0x00000000eab00000)
  object space 68608K, 94% used [0x00000000c0000000,0x00000000c3f2e1e8,0x00000000c4300000)
 Metaspace       used 68606K, committed 70016K, reserved 1114112K
  class space    used 7813K, committed 8384K, reserved 1048576K
}
Event: 35.790 GC heap before
{Heap before GC invocations=47 (full 3):
 PSYoungGen      total 18432K, used 17953K [0x00000000eab00000, 0x00000000ec180000, 0x0000000100000000)
  eden space 17408K, 100% used [0x00000000eab00000,0x00000000ebc00000,0x00000000ebc00000)
  from space 1024K, 53% used [0x00000000ebc80000,0x00000000ebd08490,0x00000000ebd80000)
  to   space 2048K, 0% used [0x00000000ebf80000,0x00000000ebf80000,0x00000000ec180000)
 ParOldGen       total 68608K, used 64696K [0x00000000c0000000, 0x00000000c4300000, 0x00000000eab00000)
  object space 68608K, 94% used [0x00000000c0000000,0x00000000c3f2e1e8,0x00000000c4300000)
 Metaspace       used 69269K, committed 70592K, reserved 1114112K
  class space    used 7912K, committed 8448K, reserved 1048576K
}
Event: 35.839 GC heap after
{Heap after GC invocations=47 (full 3):
 PSYoungGen      total 18944K, used 2032K [0x00000000eab00000, 0x00000000ec400000, 0x0000000100000000)
  eden space 16896K, 0% used [0x00000000eab00000,0x00000000eab00000,0x00000000ebb80000)
  from space 2048K, 99% used [0x00000000ebf80000,0x00000000ec17c0a0,0x00000000ec180000)
  to   space 4096K, 0% used [0x00000000ebb80000,0x00000000ebb80000,0x00000000ebf80000)
 ParOldGen       total 68608K, used 65871K [0x00000000c0000000, 0x00000000c4300000, 0x00000000eab00000)
  object space 68608K, 96% used [0x00000000c0000000,0x00000000c4053cf0,0x00000000c4300000)
 Metaspace       used 69269K, committed 70592K, reserved 1114112K
  class space    used 7912K, committed 8448K, reserved 1048576K
}
Event: 36.884 GC heap before
{Heap before GC invocations=48 (full 3):
 PSYoungGen      total 18944K, used 18928K [0x00000000eab00000, 0x00000000ec400000, 0x0000000100000000)
  eden space 16896K, 100% used [0x00000000eab00000,0x00000000ebb80000,0x00000000ebb80000)
  from space 2048K, 99% used [0x00000000ebf80000,0x00000000ec17c0a0,0x00000000ec180000)
  to   space 4096K, 0% used [0x00000000ebb80000,0x00000000ebb80000,0x00000000ebf80000)
 ParOldGen       total 68608K, used 65871K [0x00000000c0000000, 0x00000000c4300000, 0x00000000eab00000)
  object space 68608K, 96% used [0x00000000c0000000,0x00000000c4053cf0,0x00000000c4300000)
 Metaspace       used 69385K, committed 70720K, reserved 1114112K
  class space    used 7918K, committed 8448K, reserved 1048576K
}
Event: 36.890 GC heap after
{Heap after GC invocations=48 (full 3):
 PSYoungGen      total 20992K, used 4020K [0x00000000eab00000, 0x00000000ec480000, 0x0000000100000000)
  eden space 16896K, 0% used [0x00000000eab00000,0x00000000eab00000,0x00000000ebb80000)
  from space 4096K, 98% used [0x00000000ebb80000,0x00000000ebf6d200,0x00000000ebf80000)
  to   space 4608K, 0% used [0x00000000ec000000,0x00000000ec000000,0x00000000ec480000)
 ParOldGen       total 68608K, used 67553K [0x00000000c0000000, 0x00000000c4300000, 0x00000000eab00000)
  object space 68608K, 98% used [0x00000000c0000000,0x00000000c41f8538,0x00000000c4300000)
 Metaspace       used 69385K, committed 70720K, reserved 1114112K
  class space    used 7918K, committed 8448K, reserved 1048576K
}
Event: 36.890 GC heap before
{Heap before GC invocations=49 (full 4):
 PSYoungGen      total 20992K, used 4020K [0x00000000eab00000, 0x00000000ec480000, 0x0000000100000000)
  eden space 16896K, 0% used [0x00000000eab00000,0x00000000eab00000,0x00000000ebb80000)
  from space 4096K, 98% used [0x00000000ebb80000,0x00000000ebf6d200,0x00000000ebf80000)
  to   space 4608K, 0% used [0x00000000ec000000,0x00000000ec000000,0x00000000ec480000)
 ParOldGen       total 68608K, used 67553K [0x00000000c0000000, 0x00000000c4300000, 0x00000000eab00000)
  object space 68608K, 98% used [0x00000000c0000000,0x00000000c41f8538,0x00000000c4300000)
 Metaspace       used 69385K, committed 70720K, reserved 1114112K
  class space    used 7918K, committed 8448K, reserved 1048576K
}
Event: 37.195 GC heap after
{Heap after GC invocations=49 (full 4):
 PSYoungGen      total 21504K, used 0K [0x00000000eab00000, 0x00000000ec480000, 0x0000000100000000)
  eden space 16896K, 0% used [0x00000000eab00000,0x00000000eab00000,0x00000000ebb80000)
  from space 4608K, 0% used [0x00000000ec000000,0x00000000ec000000,0x00000000ec480000)
  to   space 4608K, 0% used [0x00000000ebb80000,0x00000000ebb80000,0x00000000ec000000)
 ParOldGen       total 91136K, used 64162K [0x00000000c0000000, 0x00000000c5900000, 0x00000000eab00000)
  object space 91136K, 70% used [0x00000000c0000000,0x00000000c3ea8ad8,0x00000000c5900000)
 Metaspace       used 69367K, committed 70720K, reserved 1114112K
  class space    used 7913K, committed 8448K, reserved 1048576K
}
Event: 37.744 GC heap before
{Heap before GC invocations=50 (full 4):
 PSYoungGen      total 21504K, used 16860K [0x00000000eab00000, 0x00000000ec480000, 0x0000000100000000)
  eden space 16896K, 99% used [0x00000000eab00000,0x00000000ebb77290,0x00000000ebb80000)
  from space 4608K, 0% used [0x00000000ec000000,0x00000000ec000000,0x00000000ec480000)
  to   space 4608K, 0% used [0x00000000ebb80000,0x00000000ebb80000,0x00000000ec000000)
 ParOldGen       total 91136K, used 64162K [0x00000000c0000000, 0x00000000c5900000, 0x00000000eab00000)
  object space 91136K, 70% used [0x00000000c0000000,0x00000000c3ea8ad8,0x00000000c5900000)
 Metaspace       used 69690K, committed 71040K, reserved 1114112K
  class space    used 7937K, committed 8512K, reserved 1048576K
}
Event: 37.745 GC heap after
{Heap after GC invocations=50 (full 4):
 PSYoungGen      total 17408K, used 352K [0x00000000eab00000, 0x00000000ec080000, 0x0000000100000000)
  eden space 16896K, 0% used [0x00000000eab00000,0x00000000eab00000,0x00000000ebb80000)
  from space 512K, 68% used [0x00000000ebb80000,0x00000000ebbd8000,0x00000000ebc00000)
  to   space 2048K, 0% used [0x00000000ebe80000,0x00000000ebe80000,0x00000000ec080000)
 ParOldGen       total 91136K, used 64170K [0x00000000c0000000, 0x00000000c5900000, 0x00000000eab00000)
  object space 91136K, 70% used [0x00000000c0000000,0x00000000c3eaaad8,0x00000000c5900000)
 Metaspace       used 69690K, committed 71040K, reserved 1114112K
  class space    used 7937K, committed 8512K, reserved 1048576K
}
Event: 38.896 GC heap before
{Heap before GC invocations=51 (full 4):
 PSYoungGen      total 17408K, used 17248K [0x00000000eab00000, 0x00000000ec080000, 0x0000000100000000)
  eden space 16896K, 100% used [0x00000000eab00000,0x00000000ebb80000,0x00000000ebb80000)
  from space 512K, 68% used [0x00000000ebb80000,0x00000000ebbd8000,0x00000000ebc00000)
  to   space 2048K, 0% used [0x00000000ebe80000,0x00000000ebe80000,0x00000000ec080000)
 ParOldGen       total 91136K, used 64170K [0x00000000c0000000, 0x00000000c5900000, 0x00000000eab00000)
  object space 91136K, 70% used [0x00000000c0000000,0x00000000c3eaaad8,0x00000000c5900000)
 Metaspace       used 71628K, committed 73024K, reserved 1114112K
  class space    used 8116K, committed 8704K, reserved 1048576K
}
Event: 38.898 GC heap after
{Heap after GC invocations=51 (full 4):
 PSYoungGen      total 18432K, used 1536K [0x00000000eab00000, 0x00000000ec000000, 0x0000000100000000)
  eden space 16896K, 0% used [0x00000000eab00000,0x00000000eab00000,0x00000000ebb80000)
  from space 1536K, 100% used [0x00000000ebe80000,0x00000000ec000000,0x00000000ec000000)
  to   space 2048K, 0% used [0x00000000ebc00000,0x00000000ebc00000,0x00000000ebe00000)
 ParOldGen       total 91136K, used 64178K [0x00000000c0000000, 0x00000000c5900000, 0x00000000eab00000)
  object space 91136K, 70% used [0x00000000c0000000,0x00000000c3eacad8,0x00000000c5900000)
 Metaspace       used 71628K, committed 73024K, reserved 1114112K
  class space    used 8116K, committed 8704K, reserved 1048576K
}
Event: 39.145 GC heap before
{Heap before GC invocations=52 (full 4):
 PSYoungGen      total 18432K, used 18432K [0x00000000eab00000, 0x00000000ec000000, 0x0000000100000000)
  eden space 16896K, 100% used [0x00000000eab00000,0x00000000ebb80000,0x00000000ebb80000)
  from space 1536K, 100% used [0x00000000ebe80000,0x00000000ec000000,0x00000000ec000000)
  to   space 2048K, 0% used [0x00000000ebc00000,0x00000000ebc00000,0x00000000ebe00000)
 ParOldGen       total 91136K, used 64178K [0x00000000c0000000, 0x00000000c5900000, 0x00000000eab00000)
  object space 91136K, 70% used [0x00000000c0000000,0x00000000c3eacad8,0x00000000c5900000)
 Metaspace       used 72576K, committed 73984K, reserved 1179648K
  class space    used 8209K, committed 8768K, reserved 1048576K
}
Event: 39.149 GC heap after
{Heap after GC invocations=52 (full 4):
 PSYoungGen      total 18944K, used 2036K [0x00000000eab00000, 0x00000000ec380000, 0x0000000100000000)
  eden space 16896K, 0% used [0x00000000eab00000,0x00000000eab00000,0x00000000ebb80000)
  from space 2048K, 99% used [0x00000000ebc00000,0x00000000ebdfd200,0x00000000ebe00000)
  to   space 4096K, 0% used [0x00000000ebf80000,0x00000000ebf80000,0x00000000ec380000)
 ParOldGen       total 91136K, used 65683K [0x00000000c0000000, 0x00000000c5900000, 0x00000000eab00000)
  object space 91136K, 72% used [0x00000000c0000000,0x00000000c4024f28,0x00000000c5900000)
 Metaspace       used 72576K, committed 73984K, reserved 1179648K
  class space    used 8209K, committed 8768K, reserved 1048576K
}
Event: 39.253 GC heap before
{Heap before GC invocations=53 (full 4):
 PSYoungGen      total 18944K, used 18932K [0x00000000eab00000, 0x00000000ec380000, 0x0000000100000000)
  eden space 16896K, 100% used [0x00000000eab00000,0x00000000ebb80000,0x00000000ebb80000)
  from space 2048K, 99% used [0x00000000ebc00000,0x00000000ebdfd200,0x00000000ebe00000)
  to   space 4096K, 0% used [0x00000000ebf80000,0x00000000ebf80000,0x00000000ec380000)
 ParOldGen       total 91136K, used 65683K [0x00000000c0000000, 0x00000000c5900000, 0x00000000eab00000)
  object space 91136K, 72% used [0x00000000c0000000,0x00000000c4024f28,0x00000000c5900000)
 Metaspace       used 73034K, committed 74368K, reserved 1179648K
  class space    used 8253K, committed 8768K, reserved 1048576K
}
Event: 39.256 GC heap after
{Heap after GC invocations=53 (full 4):
 PSYoungGen      total 20480K, used 3126K [0x00000000eab00000, 0x00000000ec300000, 0x0000000100000000)
  eden space 16896K, 0% used [0x00000000eab00000,0x00000000eab00000,0x00000000ebb80000)
  from space 3584K, 87% used [0x00000000ebf80000,0x00000000ec28da78,0x00000000ec300000)
  to   space 3584K, 0% used [0x00000000ebc00000,0x00000000ebc00000,0x00000000ebf80000)
 ParOldGen       total 91136K, used 66867K [0x00000000c0000000, 0x00000000c5900000, 0x00000000eab00000)
  object space 91136K, 73% used [0x00000000c0000000,0x00000000c414cd48,0x00000000c5900000)
 Metaspace       used 73034K, committed 74368K, reserved 1179648K
  class space    used 8253K, committed 8768K, reserved 1048576K
}
Event: 39.653 GC heap before
{Heap before GC invocations=54 (full 4):
 PSYoungGen      total 20480K, used 19930K [0x00000000eab00000, 0x00000000ec300000, 0x0000000100000000)
  eden space 16896K, 99% used [0x00000000eab00000,0x00000000ebb69148,0x00000000ebb80000)
  from space 3584K, 87% used [0x00000000ebf80000,0x00000000ec28da78,0x00000000ec300000)
  to   space 3584K, 0% used [0x00000000ebc00000,0x00000000ebc00000,0x00000000ebf80000)
 ParOldGen       total 91136K, used 66867K [0x00000000c0000000, 0x00000000c5900000, 0x00000000eab00000)
  object space 91136K, 73% used [0x00000000c0000000,0x00000000c414cd48,0x00000000c5900000)
 Metaspace       used 73394K, committed 74688K, reserved 1179648K
  class space    used 8295K, committed 8832K, reserved 1048576K
}
Event: 39.655 GC heap after
{Heap after GC invocations=54 (full 4):
 PSYoungGen      total 19456K, used 2293K [0x00000000eab00000, 0x00000000ec180000, 0x0000000100000000)
  eden space 16896K, 0% used [0x00000000eab00000,0x00000000eab00000,0x00000000ebb80000)
  from space 2560K, 89% used [0x00000000ebc00000,0x00000000ebe3d7a0,0x00000000ebe80000)
  to   space 3072K, 0% used [0x00000000ebe80000,0x00000000ebe80000,0x00000000ec180000)
 ParOldGen       total 91136K, used 66875K [0x00000000c0000000, 0x00000000c5900000, 0x00000000eab00000)
  object space 91136K, 73% used [0x00000000c0000000,0x00000000c414ed48,0x00000000c5900000)
 Metaspace       used 73394K, committed 74688K, reserved 1179648K
  class space    used 8295K, committed 8832K, reserved 1048576K
}

